<?xml version="1.0" encoding="UTF-8"?>
<!-- Generated by org.testng.reporters.JUnitReportReporter -->
<testsuite hostname="BLR1-LHP-N73414" failures="0" tests="1" name="testCase.TC_001_AccountRegistationTest" time="1.487" errors="0" timestamp="2023-10-18T16:56:26 IST" skipped="0">
  <testcase classname="testCase.TC_001_AccountRegistationTest" name="test_accout_registation" time="1.487"/>
  <system-out/>
</testsuite> <!-- testCase.TC_001_AccountRegistationTest -->
