<?xml version="1.0" encoding="UTF-8"?>
<!-- Generated by org.testng.reporters.JUnitReportReporter -->
<testsuite hostname="BLR1-LHP-N73414" failures="0" tests="5" name="testCase.TC_003_LoginDDT" time="53.661" errors="0" timestamp="2023-10-18T16:56:26 IST" skipped="0">
  <testcase classname="testCase.TC_003_LoginDDT" name="test_loginDDT" time="10.579"/>
  <system-out/>
  <testcase classname="testCase.TC_003_LoginDDT" name="test_loginDDT" time="10.688"/>
  <system-out/>
  <testcase classname="testCase.TC_003_LoginDDT" name="test_loginDDT" time="10.892"/>
  <system-out/>
  <testcase classname="testCase.TC_003_LoginDDT" name="test_loginDDT" time="10.793"/>
  <system-out/>
  <testcase classname="testCase.TC_003_LoginDDT" name="test_loginDDT" time="10.709"/>
  <system-out/>
</testsuite> <!-- testCase.TC_003_LoginDDT -->
