<?xml version="1.0" encoding="UTF-8"?>
<!-- Generated by org.testng.reporters.JUnitReportReporter -->
<testsuite hostname="BLR1-LHP-N73414" failures="0" tests="1" name="testCase.TC_001_AccountRegistationTest" time="1.891" errors="0" timestamp="2023-10-11T12:07:14 IST" skipped="0">
  <testcase classname="testCase.TC_001_AccountRegistationTest" name="test_accout_registation" time="1.891"/>
</testsuite> <!-- testCase.TC_001_AccountRegistationTest -->
