<?xml version="1.0" encoding="UTF-8"?>
<!-- Generated by org.testng.reporters.JUnitReportReporter -->
<testsuite hostname="BLR1-LHP-N73414" failures="0" tests="5" name="testCase.TC_003_LoginDDT" time="53.751" errors="0" timestamp="2023-10-11T12:07:14 IST" skipped="0">
  <testcase classname="testCase.TC_003_LoginDDT" name="test_loginDDT" time="10.765"/>
  <testcase classname="testCase.TC_003_LoginDDT" name="test_loginDDT" time="10.892"/>
  <testcase classname="testCase.TC_003_LoginDDT" name="test_loginDDT" time="10.773"/>
  <testcase classname="testCase.TC_003_LoginDDT" name="test_loginDDT" time="10.635"/>
  <testcase classname="testCase.TC_003_LoginDDT" name="test_loginDDT" time="10.686"/>
</testsuite> <!-- testCase.TC_003_LoginDDT -->
